Start testing: Jun 11 13:09 CST
----------------------------------------------------------
1/1 Testing: tcp_server_test
1/1 Test: tcp_server_test
Command: "/Users/tong/Dropbox/ClionProject/Simple-Reactor-Web-Server/tstest"
Directory: /Users/tong/Dropbox/ClionProject/Simple-Reactor-Web-Server
"tcp_server_test" start time: Jun 11 13:09 CST
Output:
----------------------------------------------------------
===============================================================================
All tests passed (1 assertion in 1 test case)

<end of output>
Test time =   0.00 sec
----------------------------------------------------------
Test Passed.
"tcp_server_test" end time: Jun 11 13:09 CST
"tcp_server_test" time elapsed: 00:00:00
----------------------------------------------------------

End testing: Jun 11 13:09 CST
